{"meta":{},"level":"info","message":"404 GET /game/prompt 9ms"}
{"meta":{},"level":"info","message":"404 GET /game/prompt 6ms"}
{"meta":{},"level":"info","message":"404 GET /game/prompt 6ms"}
{"meta":{},"level":"info","message":"404 GET /prompt 5ms"}
{"meta":{},"level":"info","message":"404 GET /prompt 6ms"}
{"meta":{},"level":"info","message":"404 GET /prompt 5ms"}
{"meta":{},"level":"info","message":"404 GET /prompt 6ms"}
{"meta":{},"level":"info","message":"404 GET /prompt 1ms"}
{"meta":{},"level":"info","message":"404 GET /prompt 0ms"}
{"meta":{},"level":"info","message":"404 GET / 1ms"}
{"meta":{},"level":"info","message":"404 GET / 1ms"}
{"meta":{},"level":"info","message":"404 GET /prompt 8ms"}
{"meta":{},"level":"info","message":"404 GET /prompt 6ms"}
{"meta":{},"level":"info","message":"404 GET /api/prompt 10ms"}
{"meta":{},"level":"info","message":"404 GET /prompt 2ms"}
{"meta":{},"level":"info","message":"404 GET /prompt 7ms"}
{"meta":{},"level":"info","message":"404 GET /prompt 1ms"}
{"meta":{},"level":"info","message":"404 GET /prompt 10ms"}
{"meta":{},"level":"info","message":"404 GET /prompt 6ms"}
{"meta":{},"level":"info","message":"404 GET /api/v1/prompt 6ms"}
{"meta":{},"level":"info","message":"404 GET /api/v1/game/help 6ms"}
